<?xml version="1.0" encoding="UTF-8"?>
<!-- Generated by org.testng.reporters.JUnitReportReporter -->
<testsuite hostname="USER-20150602CO" name="boc.api.test.UnBindCard_T" tests="1" failures="0" timestamp="5 Jul 2016 08:40:10 GMT" time="0.881" errors="0">
  <testcase name="unBindCard" time="0.881" classname="boc.api.test.UnBindCard_T"/>
</testsuite> <!-- boc.api.test.UnBindCard_T -->
