<?xml version="1.0" encoding="UTF-8"?>
<!-- Generated by org.testng.reporters.JUnitReportReporter -->
<testsuite hostname="USER-20150602CO" name="boc.api.test.AutoInvest_T" tests="2" failures="0" timestamp="5 Jul 2016 01:15:34 GMT" time="4.260" errors="0">
  <testcase name="autoInvest" time="1.068" classname="boc.api.test.AutoInvest_T"/>
  <testcase name="autoInvest" time="3.192" classname="boc.api.test.AutoInvest_T"/>
</testsuite> <!-- boc.api.test.AutoInvest_T -->
