<?xml version="1.0" encoding="UTF-8"?>
<!-- Generated by org.testng.reporters.JUnitReportReporter -->
<testsuite hostname="USER-20150602CO" name="api.test.demo.AccountInfos_T" tests="1" failures="0" timestamp="14 Jul 2016 09:57:37 GMT" time="0.945" errors="0">
  <testcase name="accountInfos" time="0.945" classname="api.test.demo.AccountInfos_T"/>
</testsuite> <!-- api.test.demo.AccountInfos_T -->
