<?xml version="1.0" encoding="UTF-8"?>
<!-- Generated by org.testng.reporters.JUnitReportReporter -->
<testsuite hostname="USER-20150602CO" name="boc.api.test.AccountInfos_T" tests="1" failures="0" timestamp="5 Jul 2016 07:33:38 GMT" time="0.886" errors="0">
  <testcase name="accountInfos" time="0.886" classname="boc.api.test.AccountInfos_T"/>
</testsuite> <!-- boc.api.test.AccountInfos_T -->
