<?xml version="1.0" encoding="UTF-8"?>
<!-- Generated by org.testng.reporters.JUnitReportReporter -->
<testsuite hostname="USER-20150602CO" name="boc.api.test.AutoInvest_SignInfoService_F" tests="2" failures="0" timestamp="1 Jul 2016 08:41:37 GMT" time="0.619" errors="0">
  <testcase name="autoInvestSignInfoService" time="0.015" classname="boc.api.test.AutoInvest_SignInfoService_F"/>
  <testcase name="autoInvestSignInfoService" time="0.604" classname="boc.api.test.AutoInvest_SignInfoService_F"/>
</testsuite> <!-- boc.api.test.AutoInvest_SignInfoService_F -->
