<?xml version="1.0" encoding="UTF-8"?>
<!-- Generated by org.testng.reporters.JUnitReportReporter -->
<testsuite hostname="USER-20150602CO" name="api.test.demo.NewAccount_F" tests="3" failures="0" timestamp="14 Jul 2016 09:16:01 GMT" time="4.158" errors="0">
  <testcase name="newAccount" time="1.516" classname="api.test.demo.NewAccount_F"/>
  <testcase name="newAccount" time="2.620" classname="api.test.demo.NewAccount_F"/>
  <testcase name="newAccount" time="0.022" classname="api.test.demo.NewAccount_F"/>
</testsuite> <!-- api.test.demo.NewAccount_F -->
