<?xml version="1.0" encoding="UTF-8"?>
<!-- Generated by org.testng.reporters.JUnitReportReporter -->
<testsuite hostname="USER-20150602CO" name="boc.api.test.BindCard_T" tests="1" failures="0" timestamp="5 Jul 2016 08:40:21 GMT" time="1.092" errors="0">
  <testcase name="bindCard" time="1.092" classname="boc.api.test.BindCard_T"/>
</testsuite> <!-- boc.api.test.BindCard_T -->
