<?xml version="1.0" encoding="UTF-8"?>
<!-- Generated by org.testng.reporters.JUnitReportReporter -->
<testsuite hostname="USER-20150602CO" name="boc.api.test.BindCardRelationship_T" tests="1" failures="0" timestamp="5 Jul 2016 08:52:52 GMT" time="0.847" errors="0">
  <testcase name="f" time="0.847" classname="boc.api.test.BindCardRelationship_T"/>
</testsuite> <!-- boc.api.test.BindCardRelationship_T -->
