<?xml version="1.0" encoding="UTF-8"?>
<!-- Generated by org.testng.reporters.JUnitReportReporter -->
<testsuite hostname="USER-20150602CO" name="boc.api.test.AutoInvest_Unsigned_T" tests="1" failures="0" timestamp="6 Jul 2016 09:53:39 GMT" time="0.158" errors="1">
  <testcase name="autoInvest_Unsigned" time="0.158" classname="boc.api.test.AutoInvest_Unsigned_T">
    <error type="java.lang.Throwable">
      <![CDATA[java.lang.Throwable
	at message : expected [1] but found [null] in method : .autoInvest_Unsigned(AutoInvest_Unsigned_T:39)
	at boc.api.test.AutoInvest_Unsigned_T.autoInvest_Unsigned(AutoInvest_Unsigned_T.java:39)
]]>
    </error>
  </testcase> <!-- autoInvest_Unsigned -->
</testsuite> <!-- boc.api.test.AutoInvest_Unsigned_T -->
