<?xml version="1.0" encoding="UTF-8"?>
<!-- Generated by org.testng.reporters.JUnitReportReporter -->
<testsuite hostname="USER-20150602CO" name="boc.api.test.BaseApi" tests="1" failures="0" timestamp="7 Jul 2016 03:26:32 GMT" time="21.422" errors="1">
  <testcase name="baseApi" time="21.422" classname="boc.api.test.BaseApi">
    <error type="java.lang.Throwable">
      <![CDATA[java.lang.Throwable
	at message : expected [true] but found [false] in method : .baseApi(BaseApi:51)
	at boc.api.test.BaseApi.baseApi(BaseApi.java:51)
]]>
    </error>
  </testcase> <!-- baseApi -->
</testsuite> <!-- boc.api.test.BaseApi -->
