<?xml version="1.0" encoding="UTF-8"?>
<!-- Generated by org.testng.reporters.JUnitReportReporter -->
<testsuite hostname="USER-20150602CO" name="api.test.demo.AccountDetails_F" tests="2" failures="0" timestamp="13 Jul 2016 09:25:22 GMT" time="0.866" errors="0">
  <testcase name="accountDetails" time="0.228" classname="api.test.demo.AccountDetails_F"/>
  <testcase name="accountDetails" time="0.638" classname="api.test.demo.AccountDetails_F"/>
</testsuite> <!-- api.test.demo.AccountDetails_F -->
