<?xml version="1.0" encoding="UTF-8"?>
<!-- Generated by org.testng.reporters.JUnitReportReporter -->
<testsuite hostname="USER-20150602CO" name="api.test.demo.NewAccount_Dis" tests="1" failures="0" timestamp="14 Jul 2016 09:11:16 GMT" time="2.855" errors="0">
  <testcase name="newAccount" time="2.855" classname="api.test.demo.NewAccount_Dis"/>
</testsuite> <!-- api.test.demo.NewAccount_Dis -->
