<?xml version="1.0" encoding="UTF-8"?>
<!-- Generated by org.testng.reporters.JUnitReportReporter -->
<testsuite hostname="USER-20150602CO" name="boc.api.test.Newaccount_T" tests="1" failures="0" timestamp="5 Jul 2016 08:17:39 GMT" time="2.710" errors="0">
  <testcase name="A_newAccount" time="2.710" classname="boc.api.test.Newaccount_T"/>
</testsuite> <!-- boc.api.test.Newaccount_T -->
