<?xml version="1.0" encoding="UTF-8"?>
<!-- Generated by org.testng.reporters.JUnitReportReporter -->
<testsuite hostname="USER-20150602CO" name="boc.api.test.TransActionDetails_T" tests="1" failures="0" timestamp="5 Jul 2016 07:31:49 GMT" time="4958.200" errors="0">
  <testcase name="transActionDetails" time="4958.200" classname="boc.api.test.TransActionDetails_T"/>
</testsuite> <!-- boc.api.test.TransActionDetails_T -->
