<?xml version="1.0" encoding="UTF-8"?>
<!-- Generated by org.testng.reporters.JUnitReportReporter -->
<testsuite hostname="USER-20150602CO" name="api.test.demo.AccountInfos" tests="1" failures="0" timestamp="14 Jul 2016 09:52:18 GMT" time="1.070" errors="0">
  <testcase name="accountInfos" time="1.070" classname="api.test.demo.AccountInfos"/>
</testsuite> <!-- api.test.demo.AccountInfos -->
