<?xml version="1.0" encoding="UTF-8"?>
<!-- Generated by org.testng.reporters.JUnitReportReporter -->
<testsuite hostname="USER-20150602CO" name="boc.api.test.Recharge_T" tests="1" failures="0" timestamp="6 Jul 2016 07:12:21 GMT" time="4.241" errors="0">
  <testcase name="recharge" time="4.241" classname="boc.api.test.Recharge_T"/>
</testsuite> <!-- boc.api.test.Recharge_T -->
