<?xml version="1.0" encoding="UTF-8"?>
<!-- Generated by org.testng.reporters.JUnitReportReporter -->
<testsuite hostname="USER-20150602CO" name="api.test.demo.AccountDetails_F" tests="2" failures="0" timestamp="15 Jul 2016 04:10:55 GMT" time="60.462" errors="0">
  <testcase name="accountDetails" time="60.260" classname="api.test.demo.AccountDetails_F"/>
  <testcase name="accountDetails" time="0.202" classname="api.test.demo.AccountDetails_F"/>
</testsuite> <!-- api.test.demo.AccountDetails_F -->
