<?xml version="1.0" encoding="UTF-8"?>
<!-- Generated by org.testng.reporters.JUnitReportReporter -->
<testsuite hostname="USER-20150602CO" name="api.test.demo.RedpacketTransaction_T" tests="3" failures="0" timestamp="13 Jul 2016 07:14:01 GMT" time="2.650" errors="0">
  <testcase name="redpacketTransaction" time="1.167" classname="api.test.demo.RedpacketTransaction_T"/>
  <testcase name="redpacketTransaction" time="0.798" classname="api.test.demo.RedpacketTransaction_T"/>
  <testcase name="redpacketTransaction" time="0.685" classname="api.test.demo.RedpacketTransaction_T"/>
</testsuite> <!-- api.test.demo.RedpacketTransaction_T -->
