<?xml version="1.0" encoding="UTF-8"?>
<!-- Generated by org.testng.reporters.JUnitReportReporter -->
<testsuite hostname="USER-20150602CO" name="api.test.demo.AccountInfos_F" tests="2" failures="0" timestamp="14 Jul 2016 10:02:58 GMT" time="1.125" errors="0">
  <testcase name="accountInfos" time="0.032" classname="api.test.demo.AccountInfos_F"/>
  <testcase name="accountInfos" time="1.093" classname="api.test.demo.AccountInfos_F"/>
</testsuite> <!-- api.test.demo.AccountInfos_F -->
